#
# There is insufficient memory for the Java Runtime Environment to continue.
# Native memory allocation (malloc) failed to allocate 326336 bytes for Chunk::new
# Possible reasons:
#   The system is out of physical RAM or swap space
#   The process is running with CompressedOops enabled, and the Java Heap may be blocking the growth of the native heap
# Possible solutions:
#   Reduce memory load on the system
#   Increase physical memory or swap space
#   Check if swap backing store is full
#   Decrease Java heap size (-Xmx/-Xms)
#   Decrease number of Java threads
#   Decrease Java thread stack sizes (-Xss)
#   Set larger code cache with -XX:ReservedCodeCacheSize=
#   JVM is running with Unscaled Compressed Oops mode in which the Java heap is
#     placed in the first 4GB address space. The Java Heap base address is the
#     maximum limit for the native heap growth. Please use -XX:HeapBaseMinAddress
#     to set the Java Heap base and to place the Java Heap above 4GB virtual address.
# This output file may be truncated or incomplete.
#
#  Out of Memory Error (arena.cpp:189), pid=18440, tid=14764
#
# JRE version: OpenJDK Runtime Environment Temurin-17.0.2+8 (17.0.2+8) (build 17.0.2+8)
# Java VM: OpenJDK 64-Bit Server VM Temurin-17.0.2+8 (17.0.2+8, mixed mode, tiered, compressed oops, compressed class ptrs, parallel gc, windows-amd64)
# No core dump will be written. Minidumps are not enabled by default on client versions of Windows
#

---------------  S U M M A R Y ------------

Command Line: --add-modules=ALL-SYSTEM --add-opens=java.base/java.util=ALL-UNNAMED --add-opens=java.base/java.lang=ALL-UNNAMED --add-opens=java.base/sun.nio.fs=ALL-UNNAMED -Declipse.application=org.eclipse.jdt.ls.core.id1 -Dosgi.bundles.defaultStartLevel=4 -Declipse.product=org.eclipse.jdt.ls.core.product -Djava.import.generatesMetadataFilesAtProjectRoot=false -Dfile.encoding=utf8 -DwatchParentProcess=false -XX:+UseParallelGC -XX:GCTimeRatio=4 -XX:AdaptiveSizePolicyWeight=90 -Dsun.zip.disableMemoryMapping=true -Xmx1G -Xms100m c:\Users\karth\.vscode\extensions\redhat.java-1.4.0\server\plugins\org.eclipse.equinox.launcher_1.6.400.v20210924-0641.jar -configuration c:\Users\karth\AppData\Roaming\Code\User\globalStorage\redhat.java\1.4.0\config_ss_win -data c:\Users\karth\AppData\Roaming\Code\User\workspaceStorage\43d8b1562de0ed941be73645024a33ba\redhat.java\ss_ws

Host: Intel(R) Core(TM) i7-9750H CPU @ 2.60GHz, 12 cores, 15G,  Windows 11 , 64 bit Build 22000 (10.0.22000.434)
Time: Mon Mar 14 15:36:51 2022 India Standard Time elapsed time: 1.373584 seconds (0d 0h 0m 1s)

---------------  T H R E A D  ---------------

Current thread (0x0000014961a17fa0):  JavaThread "C2 CompilerThread0" daemon [_thread_in_native, id=14764, stack(0x0000001537e00000,0x0000001537f00000)]


Current CompileTask:
C2:   1373  518   !   4       java.util.jar.Attributes::read (498 bytes)

Stack: [0x0000001537e00000,0x0000001537f00000]
Native frames: (J=compiled Java code, j=interpreted, Vv=VM code, C=native code)
V  [jvm.dll+0x67564a]
V  [jvm.dll+0x82fc04]
V  [jvm.dll+0x8313ae]
V  [jvm.dll+0x831a13]
V  [jvm.dll+0x245235]
V  [jvm.dll+0xabd7b]
V  [jvm.dll+0xac30c]
V  [jvm.dll+0x2ac33f]
V  [jvm.dll+0x57c559]
V  [jvm.dll+0x2202ed]
V  [jvm.dll+0x2206cf]
V  [jvm.dll+0x219f25]
V  [jvm.dll+0x2173eb]
V  [jvm.dll+0x1a3a8d]
V  [jvm.dll+0x226ef8]
V  [jvm.dll+0x22503c]
V  [jvm.dll+0x7e596b]
V  [jvm.dll+0x7dff2a]
V  [jvm.dll+0x6744d5]
C  [ucrtbase.dll+0x26c0c]
C  [KERNEL32.DLL+0x154e0]
C  [ntdll.dll+0x485b]


---------------  P R O C E S S  ---------------

Threads class SMR info:
_java_thread_list=0x0000014963b147b0, length=13, elements={
0x000001494db94930, 0x0000014961a12fa0, 0x0000014961a144c0, 0x0000014963782950,
0x00000149637835c0, 0x00000149637b0010, 0x00000149637b0d70, 0x0000014961a17fa0,
0x00000149637bca30, 0x00000149637bfcc0, 0x00000149638fec00, 0x0000014963a21990,
0x00000149637bd960
}

Java Threads: ( => current thread )
  0x000001494db94930 JavaThread "main" [_thread_in_vm, id=25396, stack(0x0000001537500000,0x0000001537600000)]
  0x0000014961a12fa0 JavaThread "Reference Handler" daemon [_thread_blocked, id=18576, stack(0x0000001537800000,0x0000001537900000)]
  0x0000014961a144c0 JavaThread "Finalizer" daemon [_thread_blocked, id=6452, stack(0x0000001537900000,0x0000001537a00000)]
  0x0000014963782950 JavaThread "Signal Dispatcher" daemon [_thread_blocked, id=7688, stack(0x0000001537a00000,0x0000001537b00000)]
  0x00000149637835c0 JavaThread "Attach Listener" daemon [_thread_blocked, id=24508, stack(0x0000001537b00000,0x0000001537c00000)]
  0x00000149637b0010 JavaThread "Service Thread" daemon [_thread_blocked, id=19688, stack(0x0000001537c00000,0x0000001537d00000)]
  0x00000149637b0d70 JavaThread "Monitor Deflation Thread" daemon [_thread_blocked, id=25516, stack(0x0000001537d00000,0x0000001537e00000)]
=>0x0000014961a17fa0 JavaThread "C2 CompilerThread0" daemon [_thread_in_native, id=14764, stack(0x0000001537e00000,0x0000001537f00000)]
  0x00000149637bca30 JavaThread "C1 CompilerThread0" daemon [_thread_in_vm, id=10312, stack(0x0000001537f00000,0x0000001538000000)]
  0x00000149637bfcc0 JavaThread "Sweeper thread" daemon [_thread_blocked, id=1548, stack(0x0000001538000000,0x0000001538100000)]
  0x00000149638fec00 JavaThread "Common-Cleaner" daemon [_thread_blocked, id=24448, stack(0x0000001538100000,0x0000001538200000)]
  0x0000014963a21990 JavaThread "Notification Thread" daemon [_thread_blocked, id=9864, stack(0x0000001538200000,0x0000001538300000)]
  0x00000149637bd960 JavaThread "C2 CompilerThread1" daemon [_thread_in_native, id=1532, stack(0x0000001538400000,0x0000001538500000)]

Other Threads:
  0x000001494dc6e900 VMThread "VM Thread" [stack: 0x0000001537700000,0x0000001537800000] [id=20216]
  0x0000014963a09510 WatcherThread [stack: 0x0000001538300000,0x0000001538400000] [id=8480]
  0x000001494dba8cb0 GCTaskThread "GC Thread#0" [stack: 0x0000001537600000,0x0000001537700000] [id=17528]

Threads with active compile tasks:
C2 CompilerThread0     1435  518   !   4       java.util.jar.Attributes::read (498 bytes)
C1 CompilerThread0     1435  635   !   3       java.nio.DirectLongBufferU::put (39 bytes)
C2 CompilerThread1     1435  627       4       java.util.zip.ZipCoder$UTF8ZipCoder::checkedHash (91 bytes)

VM state: not at safepoint (normal execution)

VM Mutex/Monitor currently owned by a thread: None

Heap address: 0x00000000c0000000, size: 1024 MB, Compressed Oops mode: 32-bit

CDS archive(s) not mapped
Compressed class space mapped at: 0x0000000100000000-0x0000000140000000, reserved size: 1073741824
Narrow klass base: 0x0000000000000000, Narrow klass shift: 3, Narrow klass range: 0x140000000

GC Precious Log:
 CPUs: 12 total, 12 available
 Memory: 16213M
 Large Page Support: Disabled
 NUMA Support: Disabled
 Compressed Oops: Enabled (32-bit)
 Alignments: Space 512K, Generation 512K, Heap 2M
 Heap Min Capacity: 100M
 Heap Initial Capacity: 100M
 Heap Max Capacity: 1G
 Pre-touch: Disabled
 Parallel Workers: 10

Heap:
 PSYoungGen      total 29696K, used 12724K [0x00000000eab00000, 0x00000000ecc00000, 0x0000000100000000)
  eden space 25600K, 49% used [0x00000000eab00000,0x00000000eb76d148,0x00000000ec400000)
  from space 4096K, 0% used [0x00000000ec800000,0x00000000ec800000,0x00000000ecc00000)
  to   space 4096K, 0% used [0x00000000ec400000,0x00000000ec400000,0x00000000ec800000)
 ParOldGen       total 68608K, used 0K [0x00000000c0000000, 0x00000000c4300000, 0x00000000eab00000)
  object space 68608K, 0% used [0x00000000c0000000,0x00000000c0000000,0x00000000c4300000)
 Metaspace       used 9697K, committed 9856K, reserved 1064960K
  class space    used 979K, committed 1088K, reserved 1048576K

Card table byte_map: [0x000001494d560000,0x000001494d770000] _byte_map_base: 0x000001494cf60000

Marking Bits: (ParMarkBitMap*) 0x00007ffd83383af0
 Begin Bits: [0x000001495f820000, 0x0000014960820000)
 End Bits:   [0x0000014960820000, 0x0000014961820000)

Polling page: 0x000001494bb30000

Metaspace:

Usage:
  Non-class:      8.51 MB used.
      Class:    979.98 KB used.
       Both:      9.47 MB used.

Virtual space:
  Non-class space:       16.00 MB reserved,       8.56 MB ( 54%) committed,  2 nodes.
      Class space:        1.00 GB reserved,       1.06 MB ( <1%) committed,  1 nodes.
             Both:        1.02 GB reserved,       9.62 MB ( <1%) committed. 

Chunk freelists:
   Non-Class:  2.62 MB
       Class:  2.92 MB
        Both:  5.55 MB

MaxMetaspaceSize: unlimited
CompressedClassSpaceSize: 1.00 GB
Initial GC threshold: 21.00 MB
Current GC threshold: 21.00 MB
CDS: off
MetaspaceReclaimPolicy: balanced
 - commit_granule_bytes: 65536.
 - commit_granule_words: 8192.
 - virtual_space_node_default_size: 1048576.
 - enlarge_chunks_in_place: 1.
 - new_chunks_are_fully_committed: 0.
 - uncommit_free_chunks: 1.
 - use_allocation_guard: 0.
 - handle_deallocations: 1.


Internal statistics:

num_allocs_failed_limit: 0.
num_arena_births: 12.
num_arena_deaths: 0.
num_vsnodes_births: 3.
num_vsnodes_deaths: 0.
num_space_committed: 155.
num_space_uncommitted: 0.
num_chunks_returned_to_freelist: 0.
num_chunks_taken_from_freelist: 65.
num_chunk_merges: 0.
num_chunk_splits: 34.
num_chunks_enlarged: 25.
num_purges: 0.
num_inconsistent_stats: 0.

CodeHeap 'non-profiled nmethods': size=120000Kb used=206Kb max_used=206Kb free=119793Kb
 bounds [0x00000149582f0000, 0x0000014958560000, 0x000001495f820000]
CodeHeap 'profiled nmethods': size=120000Kb used=1006Kb max_used=1006Kb free=118993Kb
 bounds [0x0000014950dc0000, 0x0000014951030000, 0x00000149582f0000]
CodeHeap 'non-nmethods': size=5760Kb used=1148Kb max_used=1151Kb free=4611Kb
 bounds [0x0000014950820000, 0x0000014950a90000, 0x0000014950dc0000]
 total_blobs=1057 nmethods=633 adapters=337
 compilation: enabled
              stopped_count=0, restarted_count=0
 full_count=0

Compilation events (20 events):
Event: 1.311 Thread 0x00000149637bca30 nmethod 562 0x000001495831bf90 code [0x000001495831c120, 0x000001495831c1f8]
Event: 1.312 Thread 0x00000149637bca30  565       3       java.util.Properties::getProperty (50 bytes)
Event: 1.313 Thread 0x00000149637bca30 nmethod 565 0x0000014950ea2510 code [0x0000014950ea26e0, 0x0000014950ea2bb8]
Event: 1.316 Thread 0x00000149637bca30  566       3       java.lang.ClassLoader::getClassLoadingLock (35 bytes)
Event: 1.316 Thread 0x00000149637bca30 nmethod 566 0x0000014950ea2d10 code [0x0000014950ea2ec0, 0x0000014950ea31c8]
Event: 1.317 Thread 0x00000149637bca30  567       3       java.lang.ClassLoader::findLoadedClass (15 bytes)
Event: 1.317 Thread 0x00000149637bca30 nmethod 567 0x0000014950ea3310 code [0x0000014950ea34c0, 0x0000014950ea36b8]
Event: 1.317 Thread 0x00000149637bca30  569       3       java.lang.ref.SoftReference::get (29 bytes)
Event: 1.317 Thread 0x00000149637bca30 nmethod 569 0x0000014950ea3790 code [0x0000014950ea3920, 0x0000014950ea3ad8]
Event: 1.318 Thread 0x00000149637bca30  570       3       java.lang.ref.WeakReference::<init> (7 bytes)
Event: 1.318 Thread 0x00000149637bca30 nmethod 570 0x0000014950ea3b90 code [0x0000014950ea3d40, 0x0000014950ea3f98]
Event: 1.320 Thread 0x00000149637bca30  571       3       jdk.internal.ref.CleanerImpl::getCleanerImpl (13 bytes)
Event: 1.320 Thread 0x00000149637bca30 nmethod 571 0x0000014950ea4090 code [0x0000014950ea4240, 0x0000014950ea44e8]
Event: 1.320 Thread 0x00000149637bca30  572       3       java.lang.ref.Cleaner$1::apply (9 bytes)
Event: 1.321 Thread 0x00000149637bca30 nmethod 572 0x0000014950ea4610 code [0x0000014950ea47c0, 0x0000014950ea4a38]
Event: 1.322 Thread 0x00000149637bca30  573       1       java.security.CodeSource::getLocationNoFragString (5 bytes)
Event: 1.322 Thread 0x00000149637bca30 nmethod 573 0x000001495831c690 code [0x000001495831c820, 0x000001495831c8f8]
Event: 1.331 Thread 0x00000149637bca30  574       1       java.net.URL::getHost (5 bytes)
Event: 1.332 Thread 0x00000149637bca30 nmethod 574 0x000001495831c990 code [0x000001495831cb20, 0x000001495831cbf8]
Event: 1.336 Thread 0x00000149637bca30  575   !   3       java.security.cert.Certificate::equals (38 bytes)

GC Heap History (0 events):
No events

Deoptimization events (20 events):
Event: 1.129 Thread 0x000001494db94930 DEOPT PACKING pc=0x0000014950e59ae4 sp=0x00000015375fe560
Event: 1.129 Thread 0x000001494db94930 DEOPT UNPACKING pc=0x0000014950872843 sp=0x00000015375fda10 mode 0
Event: 1.207 Thread 0x000001494db94930 DEOPT PACKING pc=0x0000014950e0f4ad sp=0x00000015375f96a0
Event: 1.207 Thread 0x000001494db94930 DEOPT UNPACKING pc=0x0000014950872843 sp=0x00000015375f8b38 mode 0
Event: 1.304 Thread 0x000001494db94930 Uncommon trap: trap_request=0xffffffde fr.pc=0x0000014958315354 relative=0x0000000000000a14
Event: 1.304 Thread 0x000001494db94930 Uncommon trap: reason=class_check action=maybe_recompile pc=0x0000014958315354 method=java.util.HashMap.putVal(ILjava/lang/Object;Ljava/lang/Object;ZZ)Ljava/lang/Object; @ 203 c2
Event: 1.304 Thread 0x000001494db94930 DEOPT PACKING pc=0x0000014958315354 sp=0x00000015375fd870
Event: 1.304 Thread 0x000001494db94930 DEOPT UNPACKING pc=0x00000149508720a3 sp=0x00000015375fd788 mode 2
Event: 1.304 Thread 0x000001494db94930 Uncommon trap: trap_request=0xffffffde fr.pc=0x0000014958315354 relative=0x0000000000000a14
Event: 1.304 Thread 0x000001494db94930 Uncommon trap: reason=class_check action=maybe_recompile pc=0x0000014958315354 method=java.util.HashMap.putVal(ILjava/lang/Object;Ljava/lang/Object;ZZ)Ljava/lang/Object; @ 203 c2
Event: 1.304 Thread 0x000001494db94930 DEOPT PACKING pc=0x0000014958315354 sp=0x00000015375fd870
Event: 1.304 Thread 0x000001494db94930 DEOPT UNPACKING pc=0x00000149508720a3 sp=0x00000015375fd788 mode 2
Event: 1.304 Thread 0x000001494db94930 Uncommon trap: trap_request=0xffffffde fr.pc=0x0000014958315354 relative=0x0000000000000a14
Event: 1.304 Thread 0x000001494db94930 Uncommon trap: reason=class_check action=maybe_recompile pc=0x0000014958315354 method=java.util.HashMap.putVal(ILjava/lang/Object;Ljava/lang/Object;ZZ)Ljava/lang/Object; @ 203 c2
Event: 1.305 Thread 0x000001494db94930 DEOPT PACKING pc=0x0000014958315354 sp=0x00000015375fd870
Event: 1.305 Thread 0x000001494db94930 DEOPT UNPACKING pc=0x00000149508720a3 sp=0x00000015375fd788 mode 2
Event: 1.305 Thread 0x000001494db94930 Uncommon trap: trap_request=0xffffffde fr.pc=0x0000014958315354 relative=0x0000000000000a14
Event: 1.305 Thread 0x000001494db94930 Uncommon trap: reason=class_check action=maybe_recompile pc=0x0000014958315354 method=java.util.HashMap.putVal(ILjava/lang/Object;Ljava/lang/Object;ZZ)Ljava/lang/Object; @ 203 c2
Event: 1.305 Thread 0x000001494db94930 DEOPT PACKING pc=0x0000014958315354 sp=0x00000015375fd870
Event: 1.305 Thread 0x000001494db94930 DEOPT UNPACKING pc=0x00000149508720a3 sp=0x00000015375fd788 mode 2

Classes unloaded (0 events):
No events

Classes redefined (0 events):
No events

Internal exceptions (11 events):
Event: 0.493 Thread 0x000001494db94930 Exception <a 'java/lang/NoSuchMethodError'{0x00000000eacb2138}: 'void java.lang.invoke.DirectMethodHandle$Holder.invokeStatic(java.lang.Object, java.lang.Object, java.lang.Object)'> (0x00000000eacb2138) 
thrown [e:\jenkins\tmp\workspace\build\src\src\hotspot\share\interpreter\linkResolver.cpp, line 766]
Event: 0.953 Thread 0x000001494db94930 Exception <a 'java/lang/ClassNotFoundException'{0x00000000eaf78f60}: sun/net/www/protocol/c/Handler> (0x00000000eaf78f60) 
thrown [e:\jenkins\tmp\workspace\build\src\src\hotspot\share\classfile\systemDictionary.cpp, line 256]
Event: 0.969 Thread 0x000001494db94930 Exception <a 'java/io/FileNotFoundException'{0x00000000eaf874a8}> (0x00000000eaf874a8) 
thrown [e:\jenkins\tmp\workspace\build\src\src\hotspot\share\prims\jni.cpp, line 516]
Event: 0.970 Thread 0x000001494db94930 Exception <a 'java/io/FileNotFoundException'{0x00000000eaf88160}> (0x00000000eaf88160) 
thrown [e:\jenkins\tmp\workspace\build\src\src\hotspot\share\prims\jni.cpp, line 516]
Event: 0.970 Thread 0x000001494db94930 Exception <a 'java/io/FileNotFoundException'{0x00000000eaf88db8}> (0x00000000eaf88db8) 
thrown [e:\jenkins\tmp\workspace\build\src\src\hotspot\share\prims\jni.cpp, line 516]
Event: 0.970 Thread 0x000001494db94930 Exception <a 'java/io/FileNotFoundException'{0x00000000eaf89a08}> (0x00000000eaf89a08) 
thrown [e:\jenkins\tmp\workspace\build\src\src\hotspot\share\prims\jni.cpp, line 516]
Event: 0.984 Thread 0x000001494db94930 Exception <a 'java/io/FileNotFoundException'{0x00000000eafab670}> (0x00000000eafab670) 
thrown [e:\jenkins\tmp\workspace\build\src\src\hotspot\share\prims\jni.cpp, line 516]
Event: 1.028 Thread 0x000001494db94930 Exception <a 'sun/nio/fs/WindowsException'{0x00000000eafd8db0}> (0x00000000eafd8db0) 
thrown [e:\jenkins\tmp\workspace\build\src\src\hotspot\share\prims\jni.cpp, line 516]
Event: 1.030 Thread 0x000001494db94930 Exception <a 'sun/nio/fs/WindowsException'{0x00000000eafd97a8}> (0x00000000eafd97a8) 
thrown [e:\jenkins\tmp\workspace\build\src\src\hotspot\share\prims\jni.cpp, line 516]
Event: 1.030 Thread 0x000001494db94930 Exception <a 'sun/nio/fs/WindowsException'{0x00000000eafd9d90}> (0x00000000eafd9d90) 
thrown [e:\jenkins\tmp\workspace\build\src\src\hotspot\share\prims\jni.cpp, line 516]
Event: 1.031 Thread 0x000001494db94930 Exception <a 'sun/nio/fs/WindowsException'{0x00000000eafda508}> (0x00000000eafda508) 
thrown [e:\jenkins\tmp\workspace\build\src\src\hotspot\share\prims\jni.cpp, line 516]

VM Operations (2 events):
Event: 0.503 Executing VM operation: HandshakeAllThreads
Event: 0.503 Executing VM operation: HandshakeAllThreads done

Events (20 events):
Event: 1.297 loading class java/io/BufferedReader
Event: 1.297 loading class java/io/BufferedReader done
Event: 1.297 loading class sun/nio/cs/StreamDecoder
Event: 1.298 loading class sun/nio/cs/StreamDecoder done
Event: 1.298 loading class sun/nio/cs/UTF_8$Decoder
Event: 1.298 loading class sun/nio/cs/UTF_8$Decoder done
Event: 1.299 loading class java/nio/charset/CoderResult
Event: 1.299 loading class java/nio/charset/CoderResult done
Event: 1.326 loading class java/util/Random
Event: 1.326 loading class java/util/random/RandomGenerator
Event: 1.327 loading class java/util/random/RandomGenerator done
Event: 1.327 loading class java/util/Random done
Event: 1.327 loading class java/util/UUID
Event: 1.328 loading class java/util/UUID done
Event: 1.328 loading class java/util/concurrent/atomic/AtomicBoolean
Event: 1.328 loading class java/util/concurrent/atomic/AtomicBoolean done
Event: 1.329 loading class java/lang/invoke/VarHandleInts$FieldInstanceReadWrite
Event: 1.329 loading class java/lang/invoke/VarHandleInts$FieldInstanceReadOnly
Event: 1.329 loading class java/lang/invoke/VarHandleInts$FieldInstanceReadOnly done
Event: 1.329 loading class java/lang/invoke/VarHandleInts$FieldInstanceReadWrite done


Dynamic libraries:
0x00007ff66ceb0000 - 0x00007ff66cebe000 	c:\Users\karth\.vscode\extensions\redhat.java-1.4.0\jre\17.0.2-win32-x86_64\bin\java.exe
0x00007ffde0220000 - 0x00007ffde0429000 	C:\WINDOWS\SYSTEM32\ntdll.dll
0x00007ffddf400000 - 0x00007ffddf4bd000 	C:\WINDOWS\System32\KERNEL32.DLL
0x00007ffdddd40000 - 0x00007ffdde0b4000 	C:\WINDOWS\System32\KERNELBASE.dll
0x00007ffddd710000 - 0x00007ffddd821000 	C:\WINDOWS\System32\ucrtbase.dll
0x00007ffdd6950000 - 0x00007ffdd6969000 	c:\Users\karth\.vscode\extensions\redhat.java-1.4.0\jre\17.0.2-win32-x86_64\bin\VCRUNTIME140.dll
0x00007ffdd68b0000 - 0x00007ffdd68c8000 	c:\Users\karth\.vscode\extensions\redhat.java-1.4.0\jre\17.0.2-win32-x86_64\bin\jli.dll
0x00007ffddf4c0000 - 0x00007ffddf66c000 	C:\WINDOWS\System32\USER32.dll
0x00007ffddd8d0000 - 0x00007ffddd8f6000 	C:\WINDOWS\System32\win32u.dll
0x00007ffdc8750000 - 0x00007ffdc89f5000 	C:\WINDOWS\WinSxS\amd64_microsoft.windows.common-controls_6595b64144ccf1df_6.0.22000.120_none_9d947278b86cc467\COMCTL32.dll
0x00007ffddffe0000 - 0x00007ffde0083000 	C:\WINDOWS\System32\msvcrt.dll
0x00007ffdde9a0000 - 0x00007ffdde9c9000 	C:\WINDOWS\System32\GDI32.dll
0x00007ffdddba0000 - 0x00007ffdddcb2000 	C:\WINDOWS\System32\gdi32full.dll
0x00007ffddd830000 - 0x00007ffddd8cd000 	C:\WINDOWS\System32\msvcp_win.dll
0x00007ffdde9e0000 - 0x00007ffddea11000 	C:\WINDOWS\System32\IMM32.DLL
0x00007ffdd68a0000 - 0x00007ffdd68ac000 	c:\Users\karth\.vscode\extensions\redhat.java-1.4.0\jre\17.0.2-win32-x86_64\bin\vcruntime140_1.dll
0x00007ffdc04a0000 - 0x00007ffdc0531000 	c:\Users\karth\.vscode\extensions\redhat.java-1.4.0\jre\17.0.2-win32-x86_64\bin\msvcp140.dll
0x00007ffd82800000 - 0x00007ffd83447000 	c:\Users\karth\.vscode\extensions\redhat.java-1.4.0\jre\17.0.2-win32-x86_64\bin\server\jvm.dll
0x00007ffddea20000 - 0x00007ffddeace000 	C:\WINDOWS\System32\ADVAPI32.dll
0x00007ffddeea0000 - 0x00007ffddef3e000 	C:\WINDOWS\System32\sechost.dll
0x00007ffddeaf0000 - 0x00007ffddec10000 	C:\WINDOWS\System32\RPCRT4.dll
0x00007ffddec10000 - 0x00007ffddec18000 	C:\WINDOWS\System32\PSAPI.DLL
0x00007ffdd4ee0000 - 0x00007ffdd4f13000 	C:\WINDOWS\SYSTEM32\WINMM.dll
0x00007ffdd4820000 - 0x00007ffdd482a000 	C:\WINDOWS\SYSTEM32\VERSION.dll
0x00007ffdd6860000 - 0x00007ffdd6869000 	C:\WINDOWS\SYSTEM32\WSOCK32.dll
0x00007ffddf260000 - 0x00007ffddf2cf000 	C:\WINDOWS\System32\WS2_32.dll
0x00007ffddc900000 - 0x00007ffddc918000 	C:\WINDOWS\SYSTEM32\kernel.appcore.dll
0x00007ffdd6890000 - 0x00007ffdd689a000 	c:\Users\karth\.vscode\extensions\redhat.java-1.4.0\jre\17.0.2-win32-x86_64\bin\jimage.dll
0x00007ffddb3a0000 - 0x00007ffddb5c1000 	C:\WINDOWS\SYSTEM32\DBGHELP.DLL
0x00007ffdd3d70000 - 0x00007ffdd3da1000 	C:\WINDOWS\SYSTEM32\dbgcore.DLL
0x00007ffdddcc0000 - 0x00007ffdddd3f000 	C:\WINDOWS\System32\bcryptPrimitives.dll
0x00007ffdcab60000 - 0x00007ffdcab85000 	c:\Users\karth\.vscode\extensions\redhat.java-1.4.0\jre\17.0.2-win32-x86_64\bin\java.dll
0x00007ffdd6870000 - 0x00007ffdd6888000 	c:\Users\karth\.vscode\extensions\redhat.java-1.4.0\jre\17.0.2-win32-x86_64\bin\zip.dll
0x00007ffddf670000 - 0x00007ffddfe1e000 	C:\WINDOWS\System32\SHELL32.dll
0x00007ffddb850000 - 0x00007ffddc0b8000 	C:\WINDOWS\SYSTEM32\windows.storage.dll
0x00007ffdde0c0000 - 0x00007ffdde438000 	C:\WINDOWS\System32\combase.dll
0x00007ffddb6e0000 - 0x00007ffddb846000 	C:\WINDOWS\SYSTEM32\wintypes.dll
0x00007ffdde440000 - 0x00007ffdde52a000 	C:\WINDOWS\System32\SHCORE.dll
0x00007ffddec20000 - 0x00007ffddec7d000 	C:\WINDOWS\System32\shlwapi.dll
0x00007ffddd640000 - 0x00007ffddd661000 	C:\WINDOWS\SYSTEM32\profapi.dll
0x00007ffdcab40000 - 0x00007ffdcab59000 	C:\Users\karth\.vscode\extensions\redhat.java-1.4.0\jre\17.0.2-win32-x86_64\bin\net.dll
0x00007ffdd5cd0000 - 0x00007ffdd5ddc000 	C:\WINDOWS\SYSTEM32\WINHTTP.dll
0x00007ffddcd30000 - 0x00007ffddcd97000 	C:\WINDOWS\system32\mswsock.dll
0x00007ffdcab20000 - 0x00007ffdcab35000 	C:\Users\karth\.vscode\extensions\redhat.java-1.4.0\jre\17.0.2-win32-x86_64\bin\nio.dll

dbghelp: loaded successfully - version: 4.0.5 - missing functions: none
symbol engine: initialized successfully - sym options: 0x614 - pdb path: .;c:\Users\karth\.vscode\extensions\redhat.java-1.4.0\jre\17.0.2-win32-x86_64\bin;C:\WINDOWS\SYSTEM32;C:\WINDOWS\WinSxS\amd64_microsoft.windows.common-controls_6595b64144ccf1df_6.0.22000.120_none_9d947278b86cc467;c:\Users\karth\.vscode\extensions\redhat.java-1.4.0\jre\17.0.2-win32-x86_64\bin\server

VM Arguments:
jvm_args: --add-modules=ALL-SYSTEM --add-opens=java.base/java.util=ALL-UNNAMED --add-opens=java.base/java.lang=ALL-UNNAMED --add-opens=java.base/sun.nio.fs=ALL-UNNAMED -Declipse.application=org.eclipse.jdt.ls.core.id1 -Dosgi.bundles.defaultStartLevel=4 -Declipse.product=org.eclipse.jdt.ls.core.product -Djava.import.generatesMetadataFilesAtProjectRoot=false -Dfile.encoding=utf8 -DwatchParentProcess=false -XX:+UseParallelGC -XX:GCTimeRatio=4 -XX:AdaptiveSizePolicyWeight=90 -Dsun.zip.disableMemoryMapping=true -Xmx1G -Xms100m 
java_command: c:\Users\karth\.vscode\extensions\redhat.java-1.4.0\server\plugins\org.eclipse.equinox.launcher_1.6.400.v20210924-0641.jar -configuration c:\Users\karth\AppData\Roaming\Code\User\globalStorage\redhat.java\1.4.0\config_ss_win -data c:\Users\karth\AppData\Roaming\Code\User\workspaceStorage\43d8b1562de0ed941be73645024a33ba\redhat.java\ss_ws
java_class_path (initial): c:\Users\karth\.vscode\extensions\redhat.java-1.4.0\server\plugins\org.eclipse.equinox.launcher_1.6.400.v20210924-0641.jar
Launcher Type: SUN_STANDARD

[Global flags]
    uintx AdaptiveSizePolicyWeight                 = 90                                        {product} {command line}
     intx CICompilerCount                          = 4                                         {product} {ergonomic}
    uintx GCTimeRatio                              = 4                                         {product} {command line}
   size_t InitialHeapSize                          = 104857600                                 {product} {command line}
   size_t MaxHeapSize                              = 1073741824                                {product} {command line}
   size_t MaxNewSize                               = 357564416                                 {product} {ergonomic}
   size_t MinHeapDeltaBytes                        = 524288                                    {product} {ergonomic}
   size_t MinHeapSize                              = 104857600                                 {product} {command line}
   size_t NewSize                                  = 34603008                                  {product} {ergonomic}
    uintx NonNMethodCodeHeapSize                   = 5839372                                {pd product} {ergonomic}
    uintx NonProfiledCodeHeapSize                  = 122909434                              {pd product} {ergonomic}
   size_t OldSize                                  = 70254592                                  {product} {ergonomic}
    uintx ProfiledCodeHeapSize                     = 122909434                              {pd product} {ergonomic}
    uintx ReservedCodeCacheSize                    = 251658240                              {pd product} {ergonomic}
     bool SegmentedCodeCache                       = true                                      {product} {ergonomic}
   size_t SoftMaxHeapSize                          = 1073741824                             {manageable} {ergonomic}
     bool UseCompressedClassPointers               = true                           {product lp64_product} {ergonomic}
     bool UseCompressedOops                        = true                           {product lp64_product} {ergonomic}
     bool UseLargePagesIndividualAllocation        = false                                  {pd product} {ergonomic}
     bool UseParallelGC                            = true                                      {product} {command line}

Logging:
Log output configuration:
 #0: stdout all=warning uptime,level,tags
 #1: stderr all=off uptime,level,tags

Environment Variables:
PATH=C:\Program Files\Common Files\Oracle\Java\javapath;C:\ProgramData\Anaconda3;C:\ProgramData\Anaconda3\Library\mingw-w64\bin;C:\ProgramData\Anaconda3\Library\usr\bin;C:\ProgramData\Anaconda3\Library\bin;C:\ProgramData\Anaconda3\Scripts;C:\WINDOWS\system32;C:\WINDOWS;C:\WINDOWS\System32\Wbem;C:\WINDOWS\System32\WindowsPowerShell\v1.0\;C:\WINDOWS\System32\OpenSSH\;C:\Program Files (x86)\NVIDIA Corporation\PhysX\Common;C:\Program Files\NVIDIA Corporation\NVIDIA NvDLISR;C:\Program Files\nodejs\;C:\Program Files\Git\cmd;C:\Users\karth\AppData\Local\Programs\Python\Python310\Scripts\;C:\Users\karth\AppData\Local\Programs\Python\Python310\;C:\Users\karth\AppData\Local\Microsoft\WindowsApps;;C:\Users\karth\AppData\Local\Programs\Microsoft VS Code\bin;C:\Users\karth\AppData\Roaming\npm
USERNAME=karth
OS=Windows_NT
PROCESSOR_IDENTIFIER=Intel64 Family 6 Model 158 Stepping 10, GenuineIntel



---------------  S Y S T E M  ---------------

OS:
 Windows 11 , 64 bit Build 22000 (10.0.22000.434)
OS uptime: 3 days 1:18 hours

CPU: total 12 (initial active 12) (6 cores per cpu, 2 threads per core) family 6 model 158 stepping 10 microcode 0xec, cx8, cmov, fxsr, ht, mmx, 3dnowpref, sse, sse2, sse3, ssse3, sse4.1, sse4.2, popcnt, lzcnt, tsc, tscinvbit, avx, avx2, aes, erms, clmul, bmi1, bmi2, adx, fma, vzeroupper, clflush, clflushopt

Memory: 4k page, system-wide physical 16213M (4859M free)
TotalPageFile size 44423M (AvailPageFile size 0M)
current process WorkingSet (physical memory assigned to process): 54M, peak: 54M
current process commit charge ("private bytes"): 201M, peak: 201M

vm_info: OpenJDK 64-Bit Server VM (17.0.2+8) for windows-amd64 JRE (17.0.2+8), built on Jan 20 2022 04:52:34 by "" with MS VC++ 16.7 (VS2019)

END.
